<?xml version="1.0" encoding="UTF-8"?>
<!-- Generated by org.testng.reporters.JUnitReportReporter -->
<testsuite skipped="0" hostname="arkas-MacBook-Pro.local" name="com.JSONValidateNoHeader.qa.TestCase.GetMethodJSONValidateWithHeaderTest" tests="1" failures="0" timestamp="01 Jun 2018 14:21:39 GMT" time="2.527" errors="0">
  <testcase name="JsonValidateWithHeaderTest" time="2.527" classname="com.JSONValidateNoHeader.qa.TestCase.GetMethodJSONValidateWithHeaderTest"/>
</testsuite> <!-- com.JSONValidateNoHeader.qa.TestCase.GetMethodJSONValidateWithHeaderTest -->
